<?xml version="1.0" encoding="UTF-8"?>
<!-- Generated by org.testng.reporters.JUnitReportReporter -->
<testsuite skipped="0" hostname="ICare-Asif" name="GoogleTest" tests="1" failures="0" timestamp="11 Mar 2019 13:45:13 GMT" time="8.306" errors="0">
  <testcase name="pagetitleSignIn" time="8.306" classname="GoogleTest"/>
</testsuite> <!-- GoogleTest -->
